[2025-08-27 14:01:33,462] WARNING SLOW REQUEST: /login took 5.487 seconds!
[2025-08-27 16:29:17,682] WARNING SLOW REQUEST: /login took 5.551 seconds!
[2025-08-27 19:14:45,635] WARNING SLOW REQUEST: /login took 18.153 seconds!
[2025-08-27 19:15:07,088] WARNING SLOW REQUEST: /analytics/ took 5.934 seconds!
[2025-08-27 22:47:50,186] WARNING SLOW REQUEST: /login took 12.686 seconds!
[2025-08-27 22:48:06,610] WARNING SLOW REQUEST: /login took 18.254 seconds!
[2025-08-27 23:23:16,632] WARNING SLOW REQUEST: /login took 11.776 seconds!
[2025-08-27 23:23:32,398] WARNING SLOW REQUEST: /analytics/ took 8.376 seconds!
[2025-08-27 23:26:48,922] WARNING SLOW REQUEST: /login took 13.921 seconds!
[2025-08-27 23:34:03,324] WARNING SLOW REQUEST: /admin/ took 8.076 seconds!
[2025-08-27 23:45:14,010] WARNING SLOW REQUEST: /login took 28.032 seconds!
[2025-08-28 00:04:24,104] WARNING SLOW REQUEST: /login took 5.450 seconds!
[2025-08-28 10:06:47,724] WARNING SLOW REQUEST: /login took 6.346 seconds!
[2025-08-29 08:20:21,048] WARNING SLOW REQUEST: /login took 6.307 seconds!
[2025-08-29 08:48:02,093] WARNING SLOW REQUEST: /login took 43.901 seconds!
[2025-08-29 08:48:51,550] WARNING SLOW REQUEST: /login took 39.393 seconds!
[2025-08-29 08:57:51,812] WARNING SLOW REQUEST: /dashboard took 6.686 seconds!
[2025-08-29 09:07:13,006] WARNING SLOW REQUEST: /login took 17.842 seconds!
[2025-08-29 10:50:20,233] WARNING SLOW REQUEST: /login took 6.879 seconds!
[2025-08-29 11:22:11,739] WARNING SLOW REQUEST: /register took 5.075 seconds!
[2025-08-30 15:40:33,715] WARNING SLOW REQUEST: /favicon.ico took 11.256 seconds!
[2025-08-30 15:40:53,130] WARNING SLOW REQUEST: /login took 14.218 seconds!
[2025-08-30 15:41:39,145] WARNING SLOW REQUEST: /login took 23.945 seconds!
[2025-08-30 16:29:08,871] WARNING SLOW REQUEST: /ecommerce/shop_home took 5.950 seconds!
[2025-08-31 13:35:19,099] WARNING SLOW REQUEST: /admin/axes/accessfailurelog/ took 6.350 seconds!
[2025-08-31 13:35:19,116] WARNING SLOW REQUEST: /admin/axes/accessfailurelog/ took 6.626 seconds!
[2025-08-31 13:35:46,195] WARNING SLOW REQUEST: /admin/authtoken/tokenproxy/ took 10.894 seconds!
[2025-08-31 13:35:48,499] WARNING SLOW REQUEST: /admin/authtoken/tokenproxy/ took 10.453 seconds!
[2025-08-31 13:38:04,286] WARNING SLOW REQUEST: /login took 18.197 seconds!
[2025-08-31 13:38:31,106] WARNING SLOW REQUEST: /login took 11.002 seconds!
[2025-08-31 13:38:32,490] WARNING SLOW REQUEST: /login took 10.643 seconds!
[2025-09-02 04:39:36,758] WARNING SLOW REQUEST: / took 7.065 seconds!
[2025-09-03 12:23:47,123] WARNING SLOW REQUEST: /login took 15.795 seconds!
[2025-09-03 12:24:42,692] WARNING SLOW REQUEST: /login took 24.067 seconds!
[2025-09-03 12:25:06,726] WARNING SLOW REQUEST: /analytics/ took 14.962 seconds!
[2025-09-03 12:26:27,993] WARNING SLOW REQUEST: /ecommerce/shop_home took 7.578 seconds!
[2025-09-03 12:29:04,205] WARNING SLOW REQUEST: /ecommerce/shop_home took 20.081 seconds!
[2025-09-03 12:29:06,340] WARNING SLOW REQUEST: /stations/ took 21.217 seconds!
[2025-09-03 14:23:01,763] WARNING SLOW REQUEST: /stations/ took 5.391 seconds!
[2025-09-07 01:32:30,296] WARNING SLOW REQUEST: /login took 19.623 seconds!
[2025-09-07 02:35:20,749] WARNING SLOW REQUEST: /ecommerce/shop_home took 8.103 seconds!
[2025-09-07 02:44:57,748] WARNING SLOW REQUEST: /ecommerce/shop_home took 5.036 seconds!
[2025-09-07 03:42:24,838] WARNING SLOW REQUEST: /ecommerce/shop_home took 20.101 seconds!
[2025-09-07 04:02:02,172] WARNING SLOW REQUEST: / took 9.129 seconds!
[2025-09-07 04:04:36,223] WARNING SLOW REQUEST: /ecommerce/shop_home took 6.521 seconds!
[2025-09-08 12:26:43,648] WARNING SLOW REQUEST: /analytics/ took 15.475 seconds!
[2025-09-08 12:28:13,511] WARNING SLOW REQUEST: /login took 16.835 seconds!
[2025-09-08 12:28:30,656] WARNING SLOW REQUEST: /analytics/ took 6.900 seconds!
[2025-09-08 13:03:42,861] WARNING SLOW REQUEST: / took 15.531 seconds!
[2025-09-08 13:03:43,312] WARNING SLOW REQUEST: / took 43.059 seconds!
[2025-09-08 13:05:02,563] WARNING SLOW REQUEST: /analytics/ took 22.749 seconds!
[2025-09-08 13:09:27,719] WARNING SLOW REQUEST: / took 5.200 seconds!
[2025-09-08 13:10:13,561] WARNING SLOW REQUEST: /logout-user took 45.234 seconds!
[2025-09-08 13:10:43,528] WARNING SLOW REQUEST: /ecommerce/shop_home took 67.447 seconds!
[2025-09-08 13:14:53,792] WARNING SLOW REQUEST: / took 6.793 seconds!
[2025-09-08 13:14:53,806] WARNING SLOW REQUEST: / took 11.010 seconds!
[2025-09-08 13:16:54,009] WARNING SLOW REQUEST: /login took 7.939 seconds!
[2025-09-08 14:24:50,622] WARNING SLOW REQUEST: / took 5.119 seconds!
[2025-09-09 01:57:29,820] WARNING SLOW REQUEST: /login took 9.636 seconds!
[2025-09-09 02:26:46,888] WARNING SLOW REQUEST: /login took 6.114 seconds!
[2025-09-09 02:27:03,980] WARNING SLOW REQUEST: /analytics/ took 5.037 seconds!
[2025-09-09 14:07:31,105] WARNING SLOW REQUEST: / took 8.759 seconds!
[2025-09-09 14:15:34,288] WARNING SLOW REQUEST: /admin/login/ took 6.565 seconds!
[2025-09-09 14:15:52,820] WARNING SLOW REQUEST: /admin/login/ took 6.201 seconds!
[2025-09-09 14:16:12,787] WARNING SLOW REQUEST: / took 7.211 seconds!
[2025-09-12 20:44:29,927] WARNING SLOW REQUEST: /login took 6.077 seconds!
[2025-09-12 20:56:21,447] WARNING SLOW REQUEST: /login took 51.329 seconds!
[2025-09-12 21:01:19,414] WARNING SLOW REQUEST: /login took 11.102 seconds!
[2025-09-12 21:03:01,944] WARNING SLOW REQUEST: / took 32.012 seconds!
[2025-09-12 21:03:01,955] WARNING SLOW REQUEST: / took 32.049 seconds!
[2025-09-12 21:10:28,954] WARNING SLOW REQUEST: / took 19.091 seconds!
[2025-09-13 09:41:12,840] WARNING SLOW REQUEST: / took 10.192 seconds!
[2025-09-13 09:44:45,671] WARNING SLOW REQUEST: / took 10.967 seconds!
[2025-09-13 09:46:04,705] WARNING SLOW REQUEST: / took 11.513 seconds!
[2025-09-13 09:46:44,673] WARNING SLOW REQUEST: / took 9.874 seconds!
[2025-09-13 09:46:50,428] WARNING SLOW REQUEST: / took 9.165 seconds!
[2025-09-13 09:51:45,508] WARNING SLOW REQUEST: /login took 6.950 seconds!
[2025-09-13 09:52:43,876] WARNING SLOW REQUEST: /login took 7.473 seconds!
[2025-09-13 21:56:52,846] WARNING SLOW REQUEST: /logout-user took 55.564 seconds!
[2025-09-13 21:56:53,941] WARNING SLOW REQUEST: /logout-user took 29.155 seconds!
[2025-09-13 21:57:47,855] WARNING SLOW REQUEST: /logout-user took 8.803 seconds!
[2025-09-13 21:58:22,973] WARNING SLOW REQUEST: /profile took 6.765 seconds!
[2025-09-13 21:58:29,340] WARNING SLOW REQUEST: /logout-user took 7.612 seconds!
[2025-09-13 21:58:55,735] WARNING SLOW REQUEST: /login took 12.916 seconds!
[2025-09-13 21:59:56,663] WARNING SLOW REQUEST: /register took 12.952 seconds!
[2025-09-13 22:00:49,263] WARNING SLOW REQUEST: / took 8.507 seconds!
[2025-09-14 11:50:12,596] WARNING SLOW REQUEST: /admin/ took 7.417 seconds!
[2025-09-14 13:17:31,283] WARNING SLOW REQUEST: /login took 5.786 seconds!
[2025-09-14 13:33:55,203] WARNING SLOW REQUEST: /ecommerce/shop_home took 21.355 seconds!
[2025-09-14 13:38:22,641] WARNING SLOW REQUEST: /ecommerce/product/2/ took 18.050 seconds!
[2025-09-14 13:38:22,757] WARNING SLOW REQUEST: /ecommerce/product/2/ took 34.364 seconds!
[2025-09-14 14:57:30,189] WARNING SLOW REQUEST: /Cart/cart/ took 7.163 seconds!
[2025-09-14 15:10:49,514] WARNING SLOW REQUEST: / took 14.854 seconds!
[2025-09-14 15:10:49,948] WARNING SLOW REQUEST: /logout-user took 7.014 seconds!
[2025-09-14 20:21:18,478] WARNING SLOW REQUEST: /login took 26.539 seconds!
[2025-09-14 20:22:04,629] WARNING SLOW REQUEST: /analytics/ took 28.618 seconds!
[2025-09-14 20:22:49,645] WARNING SLOW REQUEST: /book took 5.365 seconds!
[2025-09-14 22:43:53,471] WARNING SLOW REQUEST: /analytics/ took 10.337 seconds!
[2025-09-14 22:43:53,480] WARNING SLOW REQUEST: /analytics/ took 10.331 seconds!
[2025-09-15 01:00:21,372] WARNING SLOW REQUEST: /analytics/ took 14.763 seconds!
[2025-09-16 22:03:07,410] WARNING SLOW REQUEST: /swagger/ took 13.878 seconds!
[2025-09-19 18:59:43,393] WARNING SLOW REQUEST: / took 5.477 seconds!
[2025-09-19 19:00:03,645] WARNING SLOW REQUEST: /favicon.ico took 6.873 seconds!
[2025-09-19 19:01:10,440] WARNING SLOW REQUEST: /admin/ took 67.042 seconds!
[2025-09-19 19:20:46,933] WARNING SLOW REQUEST: / took 132.834 seconds!
[2025-09-21 12:41:23,106] WARNING SLOW REQUEST: / took 8.032 seconds!
[2025-09-21 12:41:23,094] WARNING SLOW REQUEST: / took 94.634 seconds!
[2025-09-21 12:41:35,179] WARNING SLOW REQUEST: /media/product_images/Cable_Holder.jpg took 9.113 seconds!
[2025-09-21 12:41:35,180] WARNING SLOW REQUEST: /media/product_images/Portable_Level_2_Home_Charger.jpg took 10.247 seconds!
[2025-09-21 12:41:35,198] WARNING SLOW REQUEST: /media/product_images/EVC-Charging-Cable-5m_rXly5KX.jpg took 9.601 seconds!
[2025-09-21 12:41:49,752] WARNING SLOW REQUEST: /ecommerce/shop_home took 14.547 seconds!
[2025-09-21 12:42:10,222] WARNING SLOW REQUEST: /media/product_images/Tire_Inflator_Portable_Air_Compressor_150_PSI_Bike_Pump_12V_Electric_Air__2Fq9OSO.jpg took 5.885 seconds!
[2025-09-21 12:42:10,229] WARNING SLOW REQUEST: /media/product_images/HX-T201_Dual_Head_Car_Cigarette_Lighter_Fan_4.5.jpg took 6.277 seconds!
[2025-09-21 12:43:26,388] WARNING SLOW REQUEST: /profile took 10.776 seconds!
[2025-09-21 12:43:34,681] WARNING SLOW REQUEST: /logout-user took 7.738 seconds!
[2025-09-23 22:09:42,960] WARNING SLOW REQUEST: / took 11.168 seconds!
[2025-09-23 22:11:39,100] WARNING SLOW REQUEST: /login took 9.969 seconds!
[2025-09-23 22:11:59,810] WARNING SLOW REQUEST: /analytics/ took 12.588 seconds!
[2025-09-24 11:02:11,167] WARNING SLOW REQUEST: /ecommerce/product/1/ took 7.937 seconds!
[2025-09-24 11:02:11,185] WARNING SLOW REQUEST: /ecommerce/shop_home took 7.883 seconds!
[2025-09-24 17:14:58,901] WARNING SLOW REQUEST: /.well-known/appspecific/com.chrome.devtools.json took 7.363 seconds!
[2025-09-24 17:27:51,673] WARNING SLOW REQUEST: /.well-known/appspecific/com.chrome.devtools.json took 5.826 seconds!
[2025-09-24 18:40:25,246] WARNING SLOW REQUEST: /ecommerce/product/1/ took 7.788 seconds!
[2025-09-24 19:53:39,551] WARNING SLOW REQUEST: /stations/ took 60.749 seconds!
[2025-09-24 21:50:49,397] WARNING SLOW REQUEST: /login took 54.566 seconds!
[2025-09-24 21:52:44,809] WARNING SLOW REQUEST: /dashboard took 56.003 seconds!
[2025-09-24 21:52:45,037] WARNING SLOW REQUEST: /login took 8.316 seconds!
[2025-09-24 21:52:54,838] WARNING SLOW REQUEST: /admin/ took 69.686 seconds!
[2025-09-24 21:55:13,399] WARNING SLOW REQUEST: /media/product_images/OEM_ODM_5m_10m_20m_30m_Factory_Directly_EV_Type_2_Extension_Cable.jpg took 6.383 seconds!
[2025-09-24 22:20:49,321] WARNING SLOW REQUEST: /ecommerce/product/1/ took 6.429 seconds!
[2025-09-24 22:41:13,777] WARNING SLOW REQUEST: /.well-known/appspecific/com.chrome.devtools.json took 5.051 seconds!
[2025-09-26 00:34:50,423] WARNING SLOW REQUEST: /ecommerce/shop_home took 10.784 seconds!
[2025-09-26 11:59:47,762] WARNING SLOW REQUEST: /ecommerce/product/1/ took 6.011 seconds!
[2025-09-26 12:00:04,866] WARNING SLOW REQUEST: /.well-known/appspecific/com.chrome.devtools.json took 5.038 seconds!
[2025-09-26 12:00:37,681] WARNING SLOW REQUEST: /cart/add/1/ took 19.541 seconds!
[2025-09-26 12:00:37,704] WARNING SLOW REQUEST: /cart/add/1/ took 22.765 seconds!
[2025-09-26 12:15:01,903] WARNING SLOW REQUEST: /.well-known/appspecific/com.chrome.devtools.json took 6.741 seconds!
[2025-09-26 12:15:18,610] WARNING SLOW REQUEST: /cart/add/1/ took 16.935 seconds!
[2025-09-26 12:23:45,399] WARNING SLOW REQUEST: /ecommerce/product/1/ took 28.970 seconds!
[2025-09-26 12:31:01,285] WARNING SLOW REQUEST: /ecommerce/product/1/ took 19.830 seconds!
[2025-09-26 12:45:18,269] WARNING SLOW REQUEST: / took 5.287 seconds!
[2025-09-26 12:45:42,675] WARNING SLOW REQUEST: /ecommerce/shop_home took 7.355 seconds!
[2025-09-26 12:46:07,024] WARNING SLOW REQUEST: /ecommerce/product/1/ took 8.684 seconds!
[2025-09-26 12:48:51,007] WARNING SLOW REQUEST: /cart/add/1/ took 14.256 seconds!
[2025-09-26 13:03:45,761] WARNING SLOW REQUEST: /cart/add/1/ took 25.752 seconds!
[2025-09-26 13:36:46,334] WARNING SLOW REQUEST: /ecommerce/product/2/ took 7.775 seconds!
[2025-09-26 13:39:49,003] WARNING SLOW REQUEST: /ecommerce/product/2/ took 5.507 seconds!
[2025-09-26 13:40:01,711] WARNING SLOW REQUEST: /.well-known/appspecific/com.chrome.devtools.json took 5.267 seconds!
[2025-09-26 13:46:51,928] WARNING SLOW REQUEST: /ecommerce/product/2/ took 6.277 seconds!
[2025-09-26 13:47:07,713] WARNING SLOW REQUEST: /.well-known/appspecific/com.chrome.devtools.json took 5.106 seconds!
[2025-09-26 13:47:19,885] WARNING SLOW REQUEST: /cart/add/2/ took 7.475 seconds!
[2025-09-26 14:05:04,374] WARNING SLOW REQUEST: /ecommerce/product/1/ took 13.014 seconds!
[2025-09-26 14:05:39,272] WARNING SLOW REQUEST: /.well-known/appspecific/com.chrome.devtools.json took 6.014 seconds!
[2025-09-26 14:13:06,450] WARNING SLOW REQUEST: /.well-known/appspecific/com.chrome.devtools.json took 8.692 seconds!
[2025-09-26 14:13:10,627] WARNING SLOW REQUEST: /ecommerce/product/1/ took 5.637 seconds!
[2025-09-26 14:14:36,078] WARNING SLOW REQUEST: /ecommerce/product/1/ took 6.684 seconds!
[2025-09-29 14:00:15,600] WARNING SLOW REQUEST: /stations/ took 7.722 seconds!
[2025-09-29 14:23:55,201] WARNING SLOW REQUEST: /stations/ took 5.569 seconds!
[2025-09-29 14:24:42,595] WARNING SLOW REQUEST: /analytics/ took 8.460 seconds!
[2025-09-29 15:58:24,644] WARNING SLOW REQUEST: /stations/ took 6.149 seconds!
[2025-09-29 19:49:29,909] WARNING SLOW REQUEST: /.well-known/appspecific/com.chrome.devtools.json took 5.338 seconds!
[2025-10-03 17:23:40,753] WARNING SLOW REQUEST: / took 11.330 seconds!
[2025-10-04 10:48:03,480] WARNING SLOW REQUEST: / took 6.222 seconds!
[2025-10-04 10:50:19,780] WARNING SLOW REQUEST: /analytics/ took 9.497 seconds!
[2025-10-06 08:41:39,142] WARNING SLOW REQUEST: /stations/ took 6.502 seconds!
[2025-10-06 08:42:19,771] WARNING SLOW REQUEST: /admin/ took 5.613 seconds!
[2025-10-06 08:52:53,192] WARNING SLOW REQUEST: /logout-user took 30.441 seconds!
[2025-10-06 08:53:46,411] WARNING SLOW REQUEST: /login took 13.403 seconds!
[2025-10-06 09:00:49,458] WARNING SLOW REQUEST: /reset_password/ took 9.433 seconds!
[2025-10-07 09:28:36,763] WARNING SLOW REQUEST: /analytics/ took 13.493 seconds!
[2025-10-07 09:38:17,585] WARNING SLOW REQUEST: /login took 5.233 seconds!
[2025-10-07 09:38:33,368] WARNING SLOW REQUEST: /analytics/ took 5.325 seconds!
[2025-10-07 09:39:26,072] WARNING SLOW REQUEST: /analytics/ took 5.715 seconds!
[2025-10-07 09:59:20,609] WARNING SLOW REQUEST: /login took 15.022 seconds!
[2025-10-07 09:59:50,065] WARNING SLOW REQUEST: /reset_password/ took 8.607 seconds!
[2025-10-07 10:10:01,849] WARNING SLOW REQUEST: /reset_password/ took 5.997 seconds!
[2025-10-07 18:47:40,848] WARNING SLOW REQUEST: /login took 5.825 seconds!
[2025-10-07 18:48:15,558] WARNING SLOW REQUEST: /analytics/ took 28.020 seconds!
[2025-10-07 18:49:50,477] WARNING SLOW REQUEST: /admin/ took 15.426 seconds!
[2025-10-07 19:32:34,932] WARNING SLOW REQUEST: /cart/cart/ took 9.116 seconds!
[2025-10-07 19:56:54,728] WARNING SLOW REQUEST: /login took 8.842 seconds!
[2025-10-07 19:57:26,123] WARNING SLOW REQUEST: /analytics/ took 5.029 seconds!
[2025-10-07 19:58:30,910] WARNING SLOW REQUEST: /analytics/ took 8.607 seconds!
[2025-10-07 21:39:18,921] WARNING SLOW REQUEST: /stations/ took 11.483 seconds!
[2025-10-07 21:40:48,472] WARNING SLOW REQUEST: /stations/ took 15.355 seconds!
[2025-10-10 12:14:59,463] WARNING SLOW REQUEST: / took 29.786 seconds!
[2025-10-10 12:23:19,657] WARNING SLOW REQUEST: /analytics/ took 10.051 seconds!
[2025-10-10 12:24:47,865] WARNING SLOW REQUEST: /analytics/ took 6.718 seconds!
[2025-10-10 12:25:17,785] WARNING SLOW REQUEST: /analytics/ took 5.414 seconds!
[2025-10-10 12:29:47,211] WARNING SLOW REQUEST: /analytics/ took 17.024 seconds!
[2025-10-10 12:30:40,891] WARNING SLOW REQUEST: /analytics/ took 19.948 seconds!
[2025-10-10 12:30:41,233] WARNING SLOW REQUEST: /ecommerce/shop_home took 5.853 seconds!
[2025-10-10 12:31:02,650] WARNING SLOW REQUEST: /analytics/ took 7.484 seconds!
[2025-10-10 12:56:08,806] WARNING SLOW REQUEST: /stations/ took 5.500 seconds!
[2025-10-10 12:57:13,650] WARNING SLOW REQUEST: /stations/submit took 9.473 seconds!
[2025-10-11 00:12:35,829] WARNING SLOW REQUEST: /stations/submit took 15.031 seconds!
[2025-10-11 01:10:18,365] WARNING SLOW REQUEST: /analytics/ took 8.482 seconds!
[2025-10-11 15:41:21,802] WARNING SLOW REQUEST: /login took 8.484 seconds!
[2025-10-11 15:41:45,579] WARNING SLOW REQUEST: /ecommerce/shop_home took 7.159 seconds!
[2025-10-11 15:41:47,479] WARNING SLOW REQUEST: /analytics/ took 16.106 seconds!
[2025-10-18 20:47:44,681] WARNING SLOW REQUEST: / took 7.766 seconds!
[2025-10-18 22:41:11,952] WARNING SLOW REQUEST: / took 24.980 seconds!
[2025-10-18 22:41:12,360] WARNING SLOW REQUEST: / took 25.962 seconds!
[2025-10-19 17:05:41,975] WARNING SLOW REQUEST: / took 6.990 seconds!
[2025-10-19 17:17:14,752] WARNING SLOW REQUEST: /post_detail took 5.754 seconds!
[2025-10-19 22:42:30,269] WARNING SLOW REQUEST: /reset_password/ took 12.912 seconds!
[2025-10-19 22:44:44,587] WARNING SLOW REQUEST: /reset_password/ took 5.378 seconds!
[2025-10-19 22:45:40,606] WARNING SLOW REQUEST: /reset_password/ took 9.402 seconds!
[2025-10-19 23:31:49,169] WARNING SLOW REQUEST: /reset_password/ took 7.844 seconds!
[2025-10-19 23:32:48,459] WARNING SLOW REQUEST: /reset_password/ took 5.770 seconds!
[2025-10-20 00:28:24,156] WARNING SLOW REQUEST: /contact_us took 7.441 seconds!
[2025-10-20 15:12:49,906] WARNING SLOW REQUEST: /authentication/login/ took 8.331 seconds!
[2025-10-21 12:41:08,290] WARNING SLOW REQUEST: /login/ took 6.361 seconds!
[2025-10-21 12:47:24,293] WARNING SLOW REQUEST: /login/ took 5.205 seconds!
[2025-10-21 12:48:14,009] WARNING SLOW REQUEST: /login/ took 11.087 seconds!
[2025-10-21 12:48:33,145] WARNING SLOW REQUEST: /analytics/ took 10.602 seconds!
[2025-10-21 12:49:13,461] WARNING SLOW REQUEST: /analytics/ took 20.980 seconds!
[2025-10-21 12:49:13,709] WARNING SLOW REQUEST: /logout-user took 17.105 seconds!
[2025-10-21 12:50:53,550] WARNING SLOW REQUEST: /register/ took 15.319 seconds!
[2025-10-21 12:57:19,534] WARNING SLOW REQUEST: /login/ took 6.775 seconds!
[2025-10-21 13:29:30,739] WARNING SLOW REQUEST: /reset_password/ took 5.187 seconds!
[2025-10-21 16:23:02,344] WARNING SLOW REQUEST: /reset_password/ took 9.237 seconds!
[2025-10-21 17:55:31,093] WARNING SLOW REQUEST: /accounts/login/ took 22.851 seconds!
[2025-10-21 18:04:23,475] WARNING SLOW REQUEST: /accounts/login/ took 35.414 seconds!
[2025-10-21 18:05:07,909] WARNING SLOW REQUEST: /analytics/ took 10.094 seconds!
[2025-10-21 18:13:39,673] WARNING SLOW REQUEST: /login/ took 31.086 seconds!
[2025-10-21 18:14:03,912] WARNING SLOW REQUEST: /dashboard took 9.554 seconds!
[2025-10-21 18:14:37,794] WARNING SLOW REQUEST: /analytics/ took 21.056 seconds!
[2025-10-21 18:14:51,873] WARNING SLOW REQUEST: /analytics/ took 5.048 seconds!
[2025-10-21 18:14:56,546] WARNING SLOW REQUEST: /ecommerce/shop_home took 26.881 seconds!
[2025-10-21 18:27:32,492] WARNING SLOW REQUEST: /login/ took 5.915 seconds!
[2025-10-21 18:27:54,440] WARNING SLOW REQUEST: /analytics/ took 14.082 seconds!
[2025-10-21 18:29:55,139] WARNING SLOW REQUEST: /analytics/ took 13.915 seconds!
[2025-10-21 18:30:13,078] WARNING SLOW REQUEST: /login/ took 5.720 seconds!
[2025-10-21 18:44:32,125] WARNING SLOW REQUEST: /login/ took 5.924 seconds!
[2025-10-21 18:49:02,222] WARNING SLOW REQUEST: /cart/cart/ took 12.324 seconds!
[2025-10-21 18:50:52,081] WARNING SLOW REQUEST: /login/ took 6.211 seconds!
[2025-10-21 18:51:13,162] WARNING SLOW REQUEST: /analytics/ took 13.570 seconds!
[2025-10-22 20:10:43,975] WARNING SLOW REQUEST: / took 15.335 seconds!
[2025-10-24 16:02:41,073] WARNING SLOW REQUEST: /reset_password/ took 5.597 seconds!
[2025-10-24 16:03:04,949] WARNING SLOW REQUEST: /accounts/password_reset/done/ took 17.211 seconds!
[2025-10-24 16:04:22,607] WARNING SLOW REQUEST: /register/ took 16.307 seconds!
[2025-10-24 19:01:35,834] WARNING SLOW REQUEST: /login/ took 6.043 seconds!
[2025-10-24 19:01:56,070] WARNING SLOW REQUEST: /analytics/ took 11.000 seconds!
[2025-10-24 19:03:16,343] WARNING SLOW REQUEST: /login/ took 7.407 seconds!
[2025-10-24 19:03:58,193] WARNING SLOW REQUEST: /analytics/ took 6.059 seconds!
[2025-10-24 19:04:52,266] WARNING SLOW REQUEST: /login/ took 5.265 seconds!
[2025-10-24 19:05:37,976] WARNING SLOW REQUEST: /login/ took 5.247 seconds!
[2025-10-24 19:16:39,341] WARNING SLOW REQUEST: /login/ took 6.044 seconds!
[2025-10-24 19:33:10,325] WARNING SLOW REQUEST: /login/ took 21.738 seconds!
[2025-10-24 19:33:28,654] WARNING SLOW REQUEST: /analytics/ took 7.279 seconds!
[2025-10-24 19:34:07,506] WARNING SLOW REQUEST: /analytics/ took 16.694 seconds!
[2025-10-24 19:34:10,375] WARNING SLOW REQUEST: /analytics/ took 18.706 seconds!
[2025-10-24 19:39:20,715] WARNING SLOW REQUEST: /analytics/ took 29.050 seconds!
[2025-10-24 19:58:53,431] WARNING SLOW REQUEST: /analytics/ took 5.246 seconds!
[2025-10-24 20:03:20,447] WARNING SLOW REQUEST: /analytics/ took 12.180 seconds!
[2025-10-25 13:59:30,841] WARNING SLOW REQUEST: /analytics/ took 238.127 seconds!
[2025-10-25 13:59:30,852] WARNING SLOW REQUEST: /analytics/ took 200.221 seconds!
[2025-10-25 13:59:31,115] WARNING SLOW REQUEST: /analytics/ took 248.593 seconds!
[2025-10-25 13:59:31,146] WARNING SLOW REQUEST: /analytics/ took 230.710 seconds!
[2025-10-25 13:59:31,196] WARNING SLOW REQUEST: /analytics/ took 90.548 seconds!
[2025-10-25 13:59:31,236] WARNING SLOW REQUEST: /analytics/ took 169.210 seconds!
[2025-10-25 13:59:56,425] WARNING SLOW REQUEST: /analytics/ took 23.986 seconds!
[2025-10-25 13:59:58,306] WARNING SLOW REQUEST: /analytics/ took 25.735 seconds!
[2025-10-25 14:00:05,558] WARNING SLOW REQUEST: /analytics/ took 6.179 seconds!
[2025-10-25 14:05:17,168] WARNING SLOW REQUEST: /analytics/ took 243.223 seconds!
[2025-10-25 14:06:10,177] WARNING SLOW REQUEST: /analytics/ took 258.331 seconds!
[2025-10-25 14:06:29,316] WARNING SLOW REQUEST: /analytics/ took 244.463 seconds!
[2025-10-25 14:07:08,180] WARNING SLOW REQUEST: /analytics/ took 234.618 seconds!
[2025-10-25 14:07:19,928] WARNING SLOW REQUEST: /analytics/ took 275.448 seconds!
[2025-10-25 14:07:44,768] WARNING SLOW REQUEST: /analytics/ took 240.938 seconds!
[2025-10-25 14:07:48,151] WARNING SLOW REQUEST: /analytics/ took 43.759 seconds!
[2025-10-25 14:07:51,191] WARNING SLOW REQUEST: /analytics/ took 6.594 seconds!
[2025-10-25 14:07:53,640] WARNING SLOW REQUEST: /analytics/ took 6.007 seconds!
[2025-10-25 14:07:56,748] WARNING SLOW REQUEST: /analytics/ took 5.827 seconds!
[2025-10-25 14:07:57,331] WARNING SLOW REQUEST: /analytics/ took 6.046 seconds!
[2025-10-25 14:08:01,354] WARNING SLOW REQUEST: /analytics/ took 8.463 seconds!
[2025-10-25 14:08:05,125] WARNING SLOW REQUEST: /analytics/ took 8.667 seconds!
[2025-10-25 14:08:05,180] WARNING SLOW REQUEST: /analytics/ took 7.195 seconds!
[2025-10-25 14:10:14,718] WARNING SLOW REQUEST: /analytics/ took 87.915 seconds!
[2025-10-25 14:10:22,485] WARNING SLOW REQUEST: /analytics/ took 37.694 seconds!
[2025-10-25 14:10:22,537] WARNING SLOW REQUEST: /analytics/ took 11.157 seconds!
[2025-10-25 14:10:31,666] WARNING SLOW REQUEST: /analytics/ took 6.081 seconds!
[2025-10-25 19:08:55,675] WARNING SLOW REQUEST: /analytics/ took 44.880 seconds!
[2025-10-25 19:09:19,107] WARNING SLOW REQUEST: /analytics/ took 47.698 seconds!
[2025-10-25 19:09:26,958] WARNING SLOW REQUEST: /analytics/ took 23.982 seconds!
[2025-10-25 19:09:42,731] WARNING SLOW REQUEST: /analytics/ took 11.799 seconds!
[2025-10-25 19:10:24,077] WARNING SLOW REQUEST: /analytics/ took 31.595 seconds!
[2025-10-25 19:10:49,839] WARNING SLOW REQUEST: /analytics/ took 16.273 seconds!
[2025-10-25 19:33:26,694] WARNING SLOW REQUEST: /analytics/ took 7.621 seconds!
[2025-10-25 19:33:52,659] WARNING SLOW REQUEST: /analytics/ took 10.686 seconds!
[2025-10-25 19:34:53,557] WARNING SLOW REQUEST: /analytics/ took 11.917 seconds!
[2025-10-25 19:35:47,046] WARNING SLOW REQUEST: /analytics/ took 5.483 seconds!
[2025-10-25 19:36:51,001] WARNING SLOW REQUEST: /analytics/ took 9.868 seconds!
[2025-10-25 19:37:23,528] WARNING SLOW REQUEST: /analytics/ took 11.550 seconds!
[2025-10-25 19:37:54,189] WARNING SLOW REQUEST: /analytics/ took 10.380 seconds!
[2025-10-25 20:08:08,810] WARNING SLOW REQUEST: /analytics/ took 60.691 seconds!
[2025-10-25 20:08:08,856] WARNING SLOW REQUEST: /analytics/ took 28.687 seconds!
[2025-10-25 20:08:08,876] WARNING SLOW REQUEST: /analytics/ took 60.524 seconds!
[2025-10-26 09:48:32,802] WARNING SLOW REQUEST: /analytics/ took 11.372 seconds!
[2025-10-27 08:58:30,592] WARNING SLOW REQUEST: /reset_password/ took 6.444 seconds!
[2025-10-27 10:03:38,294] WARNING SLOW REQUEST: /register/ took 5.294 seconds!
[2025-10-27 10:08:00,866] WARNING SLOW REQUEST: /login/ took 8.468 seconds!
[2025-10-27 10:08:00,881] WARNING SLOW REQUEST: /login/ took 8.430 seconds!
[2025-10-27 10:09:59,718] WARNING SLOW REQUEST: /login/ took 64.338 seconds!
[2025-10-27 10:10:38,082] WARNING SLOW REQUEST: /analytics/ took 12.789 seconds!
[2025-10-27 10:11:07,122] WARNING SLOW REQUEST: /analytics/ took 10.605 seconds!
[2025-10-27 10:19:35,534] WARNING SLOW REQUEST: /register/ took 46.972 seconds!
[2025-10-27 10:35:42,189] WARNING SLOW REQUEST: /register/ took 8.218 seconds!
[2025-10-27 11:36:39,033] WARNING SLOW REQUEST: /register/ took 8.579 seconds!
[2025-10-27 11:51:46,649] WARNING SLOW REQUEST: /register/ took 19.330 seconds!
[2025-10-27 11:52:42,730] WARNING SLOW REQUEST: /login/ took 17.552 seconds!
[2025-10-27 11:53:14,030] WARNING SLOW REQUEST: /login/ took 9.755 seconds!
[2025-10-27 12:06:14,160] WARNING SLOW REQUEST: /register/ took 8.248 seconds!
[2025-10-28 02:33:10,895] WARNING SLOW REQUEST: /register/ took 7.522 seconds!
[2025-10-28 02:49:16,126] WARNING SLOW REQUEST: /register/ took 7.747 seconds!
[2025-10-28 03:26:07,223] WARNING SLOW REQUEST: /analytics/ took 5.519 seconds!
[2025-10-28 03:28:47,198] WARNING SLOW REQUEST: /register/ took 9.309 seconds!
[2025-10-28 16:15:20,285] WARNING SLOW REQUEST: /contact_us took 6.457 seconds!
[2025-10-31 10:38:47,042] WARNING SLOW REQUEST: /register/ took 11.419 seconds!
[2025-10-31 10:43:43,484] WARNING SLOW REQUEST: /admin/ took 9.469 seconds!
[2025-10-31 10:45:53,648] WARNING SLOW REQUEST: /register/ took 6.155 seconds!
[2025-10-31 10:56:07,433] WARNING SLOW REQUEST: /register/ took 5.909 seconds!
[2025-11-03 10:23:58,298] WARNING SLOW REQUEST: /login/ took 11.689 seconds!
[2025-11-03 10:24:54,385] WARNING SLOW REQUEST: /analytics/ took 48.775 seconds!
[2025-11-03 10:26:14,348] WARNING SLOW REQUEST: /login/ took 11.457 seconds!
[2025-11-03 11:57:16,600] WARNING SLOW REQUEST: /analytics/ took 9.634 seconds!
[2025-11-06 11:40:01,431] WARNING SLOW REQUEST: /login/ took 5.728 seconds!
[2025-11-06 11:40:11,144] WARNING SLOW REQUEST: /analytics/ took 6.153 seconds!
[2025-11-06 11:58:31,735] WARNING SLOW REQUEST: /login/ took 6.135 seconds!
[2025-11-06 12:12:26,743] WARNING SLOW REQUEST: /analytics/ took 11.928 seconds!
[2025-11-06 12:12:44,935] WARNING SLOW REQUEST: /ecommerce/shop_home took 12.211 seconds!
[2025-11-06 12:12:58,830] WARNING SLOW REQUEST: /media/product_images/Workersbee_Gen2.0_Type_2_AC_Outlet_Socket_for_AC_charging_pile.png took 6.188 seconds!
[2025-11-06 12:12:59,996] WARNING SLOW REQUEST: /media/product_images/European_standard_Combo_2_EV_DC_AC_Charging_CCS2_Sockets_Car_Side_Female_EV_Inlet.png took 7.439 seconds!
[2025-11-06 12:22:19,818] WARNING SLOW REQUEST: /admin/ took 15.107 seconds!
[2025-11-06 12:31:11,010] WARNING SLOW REQUEST: /login/ took 5.154 seconds!
[2025-11-06 12:35:45,571] WARNING SLOW REQUEST: /login/ took 7.369 seconds!
[2025-11-06 12:55:05,197] WARNING SLOW REQUEST: /admin/ took 9.529 seconds!
[2025-11-06 17:03:58,071] WARNING SLOW REQUEST: /register/ took 9.453 seconds!
[2025-11-07 20:33:44,219] WARNING SLOW REQUEST: /register/ took 6.842 seconds!
[2025-11-07 20:55:21,749] WARNING SLOW REQUEST: /register/ took 22.766 seconds!
[2025-11-07 21:30:23,077] WARNING SLOW REQUEST: /authentication/register/ took 5.423 seconds!
[2025-11-07 21:51:24,194] WARNING SLOW REQUEST: /analytics/ took 12.034 seconds!
[2025-11-11 03:21:53,048] WARNING SLOW REQUEST: /dashboard took 6.243 seconds!
[2025-11-11 03:22:48,891] WARNING SLOW REQUEST: /analytics/ took 44.770 seconds!
[2025-11-11 03:23:14,805] WARNING SLOW REQUEST: /analytics/ took 5.454 seconds!
[2025-11-11 03:24:43,079] WARNING SLOW REQUEST: /dashboard took 11.678 seconds!
[2025-11-11 03:25:00,762] WARNING SLOW REQUEST: /analytics/ took 25.544 seconds!
[2025-11-11 11:39:05,855] WARNING SLOW REQUEST: /admin/ took 16.211 seconds!
[2025-11-11 11:39:34,985] WARNING SLOW REQUEST: /admin/login/ took 20.851 seconds!
[2025-11-11 11:41:43,981] WARNING SLOW REQUEST: /auth/register/ took 5.948 seconds!
[2025-11-11 11:47:37,238] WARNING SLOW REQUEST: /auth/register/ took 7.385 seconds!
[2025-11-11 11:49:47,085] WARNING SLOW REQUEST: /auth/register/ took 6.124 seconds!
[2025-11-11 11:57:34,826] WARNING SLOW REQUEST: /admin/login/ took 9.246 seconds!
[2025-11-11 11:58:57,421] WARNING SLOW REQUEST: /auth/register/ took 6.825 seconds!
[2025-11-11 12:02:44,584] WARNING SLOW REQUEST: /auth/register/ took 96.143 seconds!
[2025-11-11 12:07:18,105] WARNING SLOW REQUEST: /auth/register/ took 7.520 seconds!
[2025-11-11 12:09:42,705] WARNING SLOW REQUEST: /auth/login/ took 11.394 seconds!
[2025-11-11 12:12:34,758] WARNING SLOW REQUEST: /auth/register/ took 42.182 seconds!
[2025-11-11 12:12:49,127] WARNING SLOW REQUEST: /auth/login/ took 11.183 seconds!
[2025-11-11 12:33:58,222] WARNING SLOW REQUEST: /auth/register/ took 5.405 seconds!
[2025-11-11 12:46:41,907] WARNING SLOW REQUEST: /auth/register/ took 8.641 seconds!
[2025-11-17 12:25:31,552] WARNING SLOW REQUEST: /ecommerce/product/1/ took 6.441 seconds!
[2025-11-17 12:25:31,591] WARNING SLOW REQUEST: / took 6.482 seconds!
[2025-11-17 12:30:09,249] WARNING SLOW REQUEST: / took 26.061 seconds!
[2025-11-17 12:30:56,030] WARNING SLOW REQUEST: /profile took 8.530 seconds!
[2025-11-17 12:31:54,194] WARNING SLOW REQUEST: /media/profile_pictures/city.jpg took 53.833 seconds!
[2025-11-17 23:04:48,555] WARNING SLOW REQUEST: / took 5.580 seconds!
[2025-11-18 15:50:05,078] WARNING SLOW REQUEST: /profile took 60.102 seconds!
[2025-11-18 16:12:52,052] WARNING SLOW REQUEST: /profile took 5.778 seconds!
[2025-11-18 16:13:01,659] WARNING SLOW REQUEST: /media/media/profile_pictures/EV_wallpaper.jpg took 5.217 seconds!
[2025-11-26 12:12:07,935] WARNING SLOW REQUEST: / took 13.015 seconds!
[2025-11-26 12:12:29,822] WARNING SLOW REQUEST: /admin/ took 5.154 seconds!
[2025-11-26 12:12:36,345] WARNING SLOW REQUEST: /admin/login/ took 5.139 seconds!
[2025-11-26 13:18:42,614] WARNING SLOW REQUEST: /auth/login/ took 108.269 seconds!
[2025-11-26 13:18:42,672] WARNING SLOW REQUEST: /auth/login/ took 9.415 seconds!
[2025-11-26 13:19:56,124] WARNING SLOW REQUEST: /auth/login/ took 10.138 seconds!
[2025-11-26 13:20:16,034] WARNING SLOW REQUEST: /stations/ took 6.551 seconds!
[2025-11-26 13:20:23,766] WARNING SLOW REQUEST: /analytics/ took 16.553 seconds!
[2025-11-26 13:25:23,730] WARNING SLOW REQUEST: /auth/login/ took 37.811 seconds!
[2025-11-26 13:25:38,741] WARNING SLOW REQUEST: /auth/login/ took 24.618 seconds!
[2025-11-26 13:26:15,109] WARNING SLOW REQUEST: /profile took 19.896 seconds!
[2025-11-26 13:26:15,448] WARNING SLOW REQUEST: /analytics/ took 26.613 seconds!
[2025-11-26 13:27:48,075] WARNING SLOW REQUEST: /profile took 17.593 seconds!
[2025-11-26 14:01:20,010] WARNING SLOW REQUEST: /profile took 11.592 seconds!
[2025-11-26 14:51:19,865] WARNING SLOW REQUEST: /profile took 26.096 seconds!
[2025-11-28 14:31:58,885] WARNING SLOW REQUEST: /profile took 19.271 seconds!
[2025-11-28 14:34:52,403] WARNING SLOW REQUEST: /profile took 105.083 seconds!
[2025-11-28 14:34:52,451] WARNING SLOW REQUEST: /profile took 33.831 seconds!
[2025-11-28 14:40:38,572] WARNING SLOW REQUEST: /profile took 9.701 seconds!
[2025-11-28 14:42:04,851] WARNING SLOW REQUEST: /profile took 8.483 seconds!
[2025-11-28 14:58:41,465] WARNING SLOW REQUEST: /profile took 6.450 seconds!
[2025-12-01 12:23:39,272] WARNING SLOW REQUEST: /profile took 7.413 seconds!
[2025-12-01 12:24:02,069] WARNING SLOW REQUEST: /swagger/ took 168.277 seconds!
[2025-12-01 12:24:08,377] WARNING SLOW REQUEST: /profile took 16.423 seconds!
[2025-12-01 13:20:47,755] WARNING SLOW REQUEST: / took 5.619 seconds!
[2025-12-04 13:10:26,693] WARNING SLOW REQUEST: / took 6.157 seconds!
[2025-12-04 13:10:57,326] WARNING SLOW REQUEST: /auth/login/ took 21.965 seconds!
[2025-12-04 13:11:59,649] WARNING SLOW REQUEST: /auth/login/ took 43.494 seconds!
[2025-12-04 13:12:20,465] WARNING SLOW REQUEST: /dashboard took 9.113 seconds!
[2025-12-04 13:13:22,584] WARNING SLOW REQUEST: /dashboard took 7.757 seconds!
[2025-12-04 13:13:41,677] WARNING SLOW REQUEST: /analytics/ took 63.857 seconds!
[2025-12-04 13:13:41,865] WARNING SLOW REQUEST: /analytics/ took 23.010 seconds!
[2025-12-04 13:13:47,621] WARNING SLOW REQUEST: /analytics/ took 5.878 seconds!
[2025-12-04 13:32:57,757] WARNING SLOW REQUEST: /cart/cart/ took 8.741 seconds!
[2025-12-04 13:40:31,824] WARNING SLOW REQUEST: /auth/logout-user/ took 5.995 seconds!
[2025-12-04 13:44:26,289] WARNING SLOW REQUEST: /admin/login/ took 5.374 seconds!
[2025-12-04 13:44:47,757] WARNING SLOW REQUEST: /admin/login/ took 9.209 seconds!
[2025-12-04 22:29:01,081] WARNING SLOW REQUEST: / took 7.248 seconds!
[2025-12-04 22:33:53,522] WARNING SLOW REQUEST: /book took 6.099 seconds!
[2025-12-04 22:45:30,662] WARNING SLOW REQUEST: /ecommerce/shop_home took 5.509 seconds!
[2025-12-04 23:02:22,900] WARNING SLOW REQUEST: /analytics/ took 7.774 seconds!
[2025-12-04 23:07:34,983] WARNING SLOW REQUEST: /analytics/ took 8.310 seconds!
[2025-12-04 23:13:50,672] WARNING SLOW REQUEST: /dashboard took 5.238 seconds!
[2025-12-04 23:18:58,414] WARNING SLOW REQUEST: /analytics/ took 5.243 seconds!
[2025-12-04 23:19:32,081] WARNING SLOW REQUEST: /analytics/ took 8.418 seconds!
[2025-12-04 23:20:58,314] WARNING SLOW REQUEST: /dashboard took 5.455 seconds!
[2025-12-04 23:24:05,149] WARNING SLOW REQUEST: /stations/ took 6.262 seconds!
[2025-12-04 23:38:13,195] WARNING SLOW REQUEST: /admin/ took 11.403 seconds!
[2025-12-04 23:39:07,765] WARNING SLOW REQUEST: /admin/ecommerce/product/ took 6.499 seconds!
[2025-12-04 23:39:24,440] WARNING SLOW REQUEST: /admin/ecommerce/product/add/ took 5.645 seconds!
[2025-12-04 23:43:05,531] WARNING SLOW REQUEST: /admin/ecommerce/category/add/ took 8.563 seconds!
[2025-12-04 23:43:39,993] WARNING SLOW REQUEST: /admin/ecommerce/product/add/ took 5.947 seconds!
[2025-12-04 23:45:14,521] WARNING SLOW REQUEST: /admin/ecommerce/product/1/change/ took 5.332 seconds!
[2025-12-04 23:45:59,872] WARNING SLOW REQUEST: /admin/ecommerce/product/1/change/ took 5.687 seconds!
[2025-12-05 00:07:57,868] WARNING SLOW REQUEST: /admin/ecommerce/product/add/ took 5.447 seconds!
[2025-12-05 00:15:10,631] WARNING SLOW REQUEST: /admin/ecommerce/product/add/ took 7.282 seconds!
[2025-12-05 00:15:31,798] WARNING SLOW REQUEST: /ecommerce/shop_home took 5.356 seconds!
[2025-12-05 00:20:12,546] WARNING SLOW REQUEST: /admin/ecommerce/product/add/ took 10.954 seconds!
[2025-12-05 00:20:31,322] WARNING SLOW REQUEST: /admin/ecommerce/product/add/ took 10.295 seconds!
[2025-12-05 00:25:42,089] WARNING SLOW REQUEST: /admin/ecommerce/product/add/ took 7.160 seconds!
[2025-12-09 09:02:12,517] WARNING SLOW REQUEST: /auth/login/ took 13.266 seconds!
[2025-12-09 09:03:20,187] WARNING SLOW REQUEST: /auth/login/ took 14.930 seconds!
[2025-12-09 09:03:57,221] WARNING SLOW REQUEST: /auth/login/ took 22.567 seconds!
[2025-12-09 09:04:00,886] WARNING SLOW REQUEST: /auth/login/ took 19.539 seconds!
[2025-12-09 09:09:48,641] WARNING SLOW REQUEST: /auth/register/ took 26.345 seconds!
[2025-12-09 12:52:55,523] WARNING SLOW REQUEST: /auth/login/ took 5.719 seconds!
[2025-12-09 12:53:23,353] WARNING SLOW REQUEST: /auth/login/ took 7.942 seconds!
[2025-12-09 13:32:51,145] WARNING SLOW REQUEST: / took 12.674 seconds!
[2025-12-09 18:13:48,329] WARNING SLOW REQUEST: / took 24.037 seconds!
[2025-12-09 18:18:49,727] WARNING SLOW REQUEST: /auth/login/ took 20.602 seconds!
[2025-12-09 18:24:38,710] WARNING SLOW REQUEST: /auth/login/ took 5.494 seconds!
[2025-12-09 18:27:10,647] WARNING SLOW REQUEST: / took 7.348 seconds!
[2025-12-09 18:40:08,963] WARNING SLOW REQUEST: /auth/login/ took 8.778 seconds!
[2025-12-09 18:41:52,588] WARNING SLOW REQUEST: /auth/login/ took 24.181 seconds!
[2026-01-05 13:50:21,368] WARNING SLOW REQUEST: / took 10.540 seconds!
[2026-01-05 13:51:35,946] WARNING SLOW REQUEST: / took 9.114 seconds!
[2026-01-05 13:52:42,982] WARNING SLOW REQUEST: /auth/login/ took 27.006 seconds!
[2026-01-05 13:53:35,230] WARNING SLOW REQUEST: /auth/login/ took 46.137 seconds!
[2026-01-05 13:57:55,406] WARNING SLOW REQUEST: /auth/login/ took 6.361 seconds!
[2026-01-06 00:35:22,513] WARNING SLOW REQUEST: / took 6.009 seconds!
[2026-01-06 00:35:51,953] WARNING SLOW REQUEST: /analytics/ took 9.540 seconds!
[2026-01-09 12:17:46,247] WARNING SLOW REQUEST: /auth/login/ took 20.464 seconds!
[2026-01-09 12:18:25,088] WARNING SLOW REQUEST: /auth/login/ took 7.226 seconds!
[2026-01-09 12:18:36,240] WARNING SLOW REQUEST: /analytics/ took 8.256 seconds!
[2026-01-09 12:45:17,676] WARNING SLOW REQUEST: /profile took 7.625 seconds!
[2026-01-09 12:45:56,332] WARNING SLOW REQUEST: /profile took 44.332 seconds!
[2026-01-09 13:29:14,961] WARNING SLOW REQUEST: /auth/login/ took 6.766 seconds!
[2026-01-09 13:29:23,492] WARNING SLOW REQUEST: /analytics/ took 6.477 seconds!
[2026-01-09 13:34:12,408] WARNING SLOW REQUEST: /post_detail/1/ took 9.392 seconds!
[2026-01-09 14:04:50,182] WARNING SLOW REQUEST: /analytics/ took 6.830 seconds!
[2026-01-09 14:16:59,140] WARNING SLOW REQUEST: /analytics/ took 9.262 seconds!
[2026-01-09 14:22:25,174] WARNING SLOW REQUEST: /admin/ took 7.879 seconds!
[2026-01-09 14:41:42,159] WARNING SLOW REQUEST: /auth/login/ took 18.429 seconds!
[2026-01-09 14:41:51,575] WARNING SLOW REQUEST: /analytics/ took 6.211 seconds!
[2026-01-09 14:56:50,913] WARNING SLOW REQUEST: /book took 13.035 seconds!
[2026-01-10 13:09:19,557] WARNING SLOW REQUEST: /stations/ took 6.171 seconds!
[2026-01-10 13:31:38,108] WARNING SLOW REQUEST: /auth/login/ took 18.274 seconds!
[2026-01-10 13:31:53,948] WARNING SLOW REQUEST: /analytics/ took 11.320 seconds!
[2026-01-10 13:33:14,822] WARNING SLOW REQUEST: /auth/login/ took 26.898 seconds!
[2026-01-10 13:33:25,469] WARNING SLOW REQUEST: /analytics/ took 7.433 seconds!
[2026-01-10 13:34:12,933] WARNING SLOW REQUEST: /auth/login/ took 11.849 seconds!
[2026-01-10 13:34:22,302] WARNING SLOW REQUEST: /analytics/ took 6.561 seconds!
[2026-01-11 10:43:18,338] WARNING SLOW REQUEST: /dashboard took 23.169 seconds!
[2026-01-11 11:15:52,115] WARNING SLOW REQUEST: /dashboard took 26.253 seconds!
[2026-01-11 11:17:47,981] WARNING SLOW REQUEST: /analytics/ took 58.147 seconds!
[2026-01-11 11:17:49,349] WARNING SLOW REQUEST: /analytics/ took 14.315 seconds!
[2026-01-11 11:17:54,070] WARNING SLOW REQUEST: /analytics/ took 5.555 seconds!
[2026-01-11 11:18:51,181] WARNING SLOW REQUEST: /analytics/ took 6.228 seconds!
[2026-01-11 11:20:33,151] WARNING SLOW REQUEST: /analytics/ took 18.317 seconds!
[2026-01-11 11:27:26,228] WARNING SLOW REQUEST: /analytics/ took 14.223 seconds!
[2026-01-11 11:27:32,597] WARNING SLOW REQUEST: /analytics/ took 5.640 seconds!
[2026-01-11 11:27:52,926] WARNING SLOW REQUEST: /analytics/ took 8.262 seconds!
[2026-01-11 11:28:22,113] WARNING SLOW REQUEST: /analytics/ took 7.352 seconds!
[2026-01-11 11:28:57,814] WARNING SLOW REQUEST: /analytics/ took 12.432 seconds!
[2026-01-11 12:59:49,000] WARNING SLOW REQUEST: /analytics/ took 8.417 seconds!
[2026-01-11 12:59:49,199] WARNING SLOW REQUEST: /analytics/ took 16.791 seconds!
[2026-01-11 13:00:47,403] WARNING SLOW REQUEST: /analytics/ took 5.758 seconds!
[2026-01-11 13:01:53,537] WARNING SLOW REQUEST: /analytics/ took 15.494 seconds!
[2026-01-11 13:03:59,352] WARNING SLOW REQUEST: /.well-known/appspecific/com.chrome.devtools.json took 17.225 seconds!
[2026-01-11 13:04:35,184] WARNING SLOW REQUEST: /.well-known/appspecific/com.chrome.devtools.json took 8.251 seconds!
[2026-01-11 13:04:55,549] WARNING SLOW REQUEST: /book took 20.067 seconds!
[2026-01-11 13:05:02,226] WARNING SLOW REQUEST: /.well-known/appspecific/com.chrome.devtools.json took 5.191 seconds!
[2026-01-11 13:05:10,801] WARNING SLOW REQUEST: /.well-known/appspecific/com.chrome.devtools.json took 5.549 seconds!
[2026-01-11 13:05:26,476] WARNING SLOW REQUEST: /analytics/ took 20.495 seconds!
[2026-01-11 13:05:43,953] WARNING SLOW REQUEST: /analytics/ took 7.776 seconds!
[2026-01-15 14:09:06,104] WARNING SLOW REQUEST: /auth/login/ took 11.716 seconds!
[2026-01-15 14:09:19,594] WARNING SLOW REQUEST: /analytics/ took 9.224 seconds!
[2026-01-15 19:08:46,334] WARNING SLOW REQUEST: /auth/login/ took 5.953 seconds!
[2026-01-15 19:08:56,404] WARNING SLOW REQUEST: /analytics/ took 7.061 seconds!
[2026-01-15 19:17:37,812] WARNING SLOW REQUEST: /auth/login/ took 7.732 seconds!
[2026-01-16 13:03:03,804] WARNING SLOW REQUEST: /auth/login/ took 19.468 seconds!
[2026-01-16 13:03:12,271] WARNING SLOW REQUEST: /auth/login/ took 10.402 seconds!
[2026-01-16 13:03:23,396] WARNING SLOW REQUEST: /analytics/ took 8.006 seconds!
[2026-01-16 18:09:12,181] WARNING SLOW REQUEST: /auth/login/ took 5.753 seconds!
[2026-01-16 18:09:15,156] WARNING SLOW REQUEST: /auth/login/ took 6.110 seconds!
[2026-01-16 18:15:49,714] WARNING SLOW REQUEST: /post_detail/1/ took 62.639 seconds!
[2026-01-16 18:16:42,580] WARNING SLOW REQUEST: /auth/register/ took 9.375 seconds!
[2026-01-17 18:40:36,634] WARNING SLOW REQUEST: /auth/login/ took 5.441 seconds!
[2026-01-17 18:40:52,643] WARNING SLOW REQUEST: /analytics/ took 13.280 seconds!
[2026-01-17 20:57:29,373] WARNING SLOW REQUEST: /ecommerce/shop_home took 7.384 seconds!
[2026-01-17 22:56:57,639] WARNING SLOW REQUEST: /ecommerce/shop_home took 17.445 seconds!
[2026-01-18 00:42:19,795] WARNING SLOW REQUEST: /ecommerce/product/3/ took 49.958 seconds!
[2026-01-18 10:31:18,701] WARNING SLOW REQUEST: /ecommerce/shop_home took 5.420 seconds!
[2026-01-18 11:29:24,972] WARNING SLOW REQUEST: /cart/cart/ took 14.337 seconds!
[2026-01-18 11:29:30,634] WARNING SLOW REQUEST: /ecommerce/product/3/ took 6.651 seconds!
[2026-01-18 20:49:36,340] WARNING SLOW REQUEST: / took 7.077 seconds!
[2026-01-19 13:55:49,438] WARNING SLOW REQUEST: /ecommerce/product/3/ took 39.551 seconds!
[2026-01-20 13:08:30,599] WARNING SLOW REQUEST: /auth/register/ took 9.670 seconds!
[2026-01-25 11:47:06,630] WARNING SLOW REQUEST: /analytics/ took 8.374 seconds!
[2026-01-25 12:39:52,907] WARNING SLOW REQUEST: /comments/2/upvote/ took 5.643 seconds!
[2026-01-25 12:39:55,025] WARNING SLOW REQUEST: /comments/2/downvote/ took 15.715 seconds!
[2026-01-25 12:39:59,176] WARNING SLOW REQUEST: /comments/2/upvote/ took 9.930 seconds!
[2026-01-25 12:39:59,433] WARNING SLOW REQUEST: /comments/2/upvote/ took 15.318 seconds!
[2026-01-25 12:39:59,480] WARNING SLOW REQUEST: /comments/2/upvote/ took 6.651 seconds!
[2026-01-25 12:39:59,796] WARNING SLOW REQUEST: /comments/2/upvote/ took 6.974 seconds!
[2026-01-25 12:39:59,821] WARNING SLOW REQUEST: /comments/2/downvote/ took 6.894 seconds!
[2026-01-29 07:41:49,599] WARNING SLOW REQUEST: /auth/login/ took 8.529 seconds!
[2026-01-29 07:47:41,769] WARNING SLOW REQUEST: /auth/login/ took 6.641 seconds!
[2026-01-29 07:47:56,754] WARNING SLOW REQUEST: /analytics/ took 11.466 seconds!
[2026-01-29 08:08:26,309] WARNING SLOW REQUEST: /auth/login/ took 27.420 seconds!
[2026-01-29 08:08:29,869] WARNING SLOW REQUEST: /auth/login/ took 19.383 seconds!
[2026-01-29 08:33:13,132] WARNING SLOW REQUEST: /ecommerce/shop_home took 9.108 seconds!
[2026-01-29 08:33:32,288] WARNING SLOW REQUEST: / took 19.023 seconds!
[2026-01-29 08:37:23,456] WARNING SLOW REQUEST: /ecommerce/shop_home took 12.769 seconds!
[2026-01-29 08:38:43,050] WARNING SLOW REQUEST: /media/product_images/gallery/OEM_ODM_5m_10m_20m_30m_Factory_Directly_EV_Type_2_Extension_Cable.jpg took 11.556 seconds!
[2026-01-29 08:38:43,051] WARNING SLOW REQUEST: /media/product_images/gallery/Suntree-Portable-EV-Charger.jpg took 11.510 seconds!
[2026-01-29 08:41:06,802] WARNING SLOW REQUEST: /analytics/ took 7.068 seconds!
[2026-01-29 09:10:31,503] WARNING SLOW REQUEST: / took 29.750 seconds!
[2026-01-29 09:10:57,319] WARNING SLOW REQUEST: /Dashboards/dashboard took 6.775 seconds!
[2026-01-29 09:11:19,773] WARNING SLOW REQUEST: /analytics/ took 11.433 seconds!
[2026-01-29 09:11:32,981] WARNING SLOW REQUEST: /view_booking/1/ took 7.042 seconds!
[2026-01-29 09:11:51,793] WARNING SLOW REQUEST: /Dashboards/dashboard took 6.638 seconds!
[2026-01-29 09:20:52,530] WARNING SLOW REQUEST: /Dashboards/user_dashboard took 7.339 seconds!
[2026-01-29 09:21:55,850] WARNING SLOW REQUEST: /analytics/ took 8.167 seconds!
[2026-01-29 09:22:42,902] WARNING SLOW REQUEST: /auth/logout-user/ took 25.958 seconds!
[2026-01-29 09:23:31,399] WARNING SLOW REQUEST: /analytics/ took 39.675 seconds!
[2026-01-29 09:23:35,913] WARNING SLOW REQUEST: /auth/login/ took 31.738 seconds!
[2026-01-29 09:32:04,291] WARNING SLOW REQUEST: /auth/login/ took 99.430 seconds!
[2026-01-29 10:25:38,960] WARNING SLOW REQUEST: /auth/login/ took 12.682 seconds!
[2026-01-29 10:28:20,413] WARNING SLOW REQUEST: /auth/login/ took 7.868 seconds!
[2026-01-29 10:34:16,066] WARNING SLOW REQUEST: /Dashboards/station_owner_dashboard took 10.505 seconds!
[2026-01-29 10:55:32,429] WARNING SLOW REQUEST: / took 5.384 seconds!
[2026-01-29 10:56:39,493] WARNING SLOW REQUEST: / took 5.587 seconds!
[2026-01-29 11:12:24,104] WARNING SLOW REQUEST: /ecommerce/shop_home took 8.478 seconds!
[2026-01-29 11:12:24,138] WARNING SLOW REQUEST: / took 8.497 seconds!
[2026-01-29 11:12:35,121] WARNING SLOW REQUEST: /analytics/ took 9.991 seconds!
[2026-01-29 11:12:39,020] WARNING SLOW REQUEST: /Dashboards/station_owner_dashboard took 5.332 seconds!
[2026-01-29 11:53:22,244] WARNING SLOW REQUEST: /Dashboards/station_owner_dashboard took 83.859 seconds!
[2026-01-29 12:15:59,688] WARNING SLOW REQUEST: /Dashboards/station_owner_dashboard took 52.573 seconds!
[2026-01-29 12:16:04,001] WARNING SLOW REQUEST: /Dashboards/user_dashboard took 57.101 seconds!
[2026-01-29 12:16:04,565] WARNING SLOW REQUEST: /stations/ took 6.124 seconds!
[2026-01-29 12:16:29,700] WARNING SLOW REQUEST: /book took 5.738 seconds!
[2026-01-29 12:19:19,168] WARNING SLOW REQUEST: /book took 117.595 seconds!
[2026-01-29 12:42:19,940] WARNING SLOW REQUEST: /book took 5.801 seconds!
[2026-01-29 12:42:56,411] WARNING SLOW REQUEST: /analytics/ took 23.204 seconds!
[2026-01-29 12:43:09,081] WARNING SLOW REQUEST: /Dashboards/station_owner_dashboard took 11.086 seconds!
[2026-01-29 12:57:39,359] WARNING SLOW REQUEST: /Dashboards/station_owner_dashboard took 156.773 seconds!
[2026-01-29 12:58:08,902] WARNING SLOW REQUEST: / took 52.745 seconds!
[2026-01-29 13:00:30,767] WARNING SLOW REQUEST: / took 92.894 seconds!
[2026-01-29 13:05:27,689] WARNING SLOW REQUEST: /analytics/ took 6.785 seconds!
[2026-01-29 13:07:06,460] WARNING SLOW REQUEST: /admin/ took 6.453 seconds!
[2026-01-29 13:08:39,018] WARNING SLOW REQUEST: /analytics/ took 7.579 seconds!
[2026-01-29 13:10:43,372] WARNING SLOW REQUEST: /book took 12.197 seconds!
[2026-01-29 13:25:43,459] WARNING SLOW REQUEST: /stations/submit took 6.821 seconds!
[2026-01-29 23:28:49,533] WARNING SLOW REQUEST: / took 41.550 seconds!
[2026-01-29 23:37:46,793] WARNING SLOW REQUEST: / took 106.906 seconds!
[2026-01-29 23:44:48,433] WARNING SLOW REQUEST: / took 82.797 seconds!
[2026-01-29 23:53:33,454] WARNING SLOW REQUEST: /Dashboards/station_owner_dashboard took 159.743 seconds!
[2026-01-30 01:38:03,217] WARNING SLOW REQUEST: / took 7.653 seconds!
[2026-01-31 23:01:38,142] WARNING SLOW REQUEST: /Dashboards/station_owner_dashboard took 18.439 seconds!
[2026-01-31 23:01:38,152] WARNING SLOW REQUEST: /Dashboards/station_owner_dashboard took 6.174 seconds!
[2026-01-31 23:01:38,470] WARNING SLOW REQUEST: /Dashboards/station_owner_dashboard took 15.275 seconds!
[2026-01-31 23:01:38,907] WARNING SLOW REQUEST: /Dashboards/station_owner_dashboard took 33.262 seconds!
[2026-01-31 23:02:05,812] WARNING SLOW REQUEST: /Dashboards/station_owner_dashboard took 27.304 seconds!
[2026-01-31 23:02:09,106] WARNING SLOW REQUEST: /Dashboards/station_owner_dashboard took 34.634 seconds!
[2026-01-31 23:02:17,935] WARNING SLOW REQUEST: /Dashboards/station_owner_dashboard took 40.240 seconds!
[2026-01-31 23:02:58,854] WARNING SLOW REQUEST: /Dashboards/station_owner_dashboard took 41.073 seconds!
[2026-01-31 23:03:00,026] WARNING SLOW REQUEST: /Dashboards/station_owner_dashboard took 41.210 seconds!
[2026-01-31 23:03:00,064] WARNING SLOW REQUEST: /Dashboards/station_owner_dashboard took 39.862 seconds!
[2026-01-31 23:03:01,716] WARNING SLOW REQUEST: /Dashboards/user_dashboard took 40.976 seconds!
[2026-01-31 23:03:02,483] WARNING SLOW REQUEST: /Dashboards/user_dashboard took 41.526 seconds!
[2026-01-31 23:03:02,978] WARNING SLOW REQUEST: / took 5.073 seconds!
[2026-01-31 23:08:29,646] WARNING SLOW REQUEST: /analytics/ took 8.193 seconds!
[2026-01-31 23:30:36,126] WARNING SLOW REQUEST: /analytics/ took 13.805 seconds!
[2026-01-31 23:30:41,554] WARNING SLOW REQUEST: /ecommerce/shop_home took 36.410 seconds!
[2026-01-31 23:30:53,626] WARNING SLOW REQUEST: /stations/ took 14.983 seconds!
[2026-01-31 23:31:18,290] WARNING SLOW REQUEST: /analytics/ took 7.124 seconds!
[2026-01-31 23:31:40,427] WARNING SLOW REQUEST: /auth/logout-user/ took 24.701 seconds!
[2026-01-31 23:32:22,383] WARNING SLOW REQUEST: /analytics/ took 28.049 seconds!
[2026-01-31 23:32:31,488] WARNING SLOW REQUEST: /auth/login/ took 43.428 seconds!
[2026-01-31 23:38:05,093] WARNING SLOW REQUEST: /auth/login/ took 6.567 seconds!
[2026-01-31 23:39:39,274] WARNING SLOW REQUEST: /auth/login/ took 5.265 seconds!
[2026-02-01 00:18:23,337] WARNING SLOW REQUEST: / took 8.989 seconds!
[2026-02-01 00:20:15,101] WARNING SLOW REQUEST: /Dashboards/user_dashboard took 8.448 seconds!
[2026-02-01 00:20:35,310] WARNING SLOW REQUEST: /analytics/ took 6.220 seconds!
